2026-05-02 07:25:07,107 INFO ============================================================
2026-05-02 07:25:07,108 INFO VAHDAM DTC Ingestion — 2026-05-02 07:25:07
2026-05-02 07:25:07,110 INFO Sources: matrixify, shopify_analytics, klaviyo, webengage
2026-05-02 07:25:07,110 INFO Log file: C:\Users\Archit Tandon\Desktop\vahdam-dtc-data-engine\logs\ingest_20260502_072507.log
2026-05-02 07:25:07,110 INFO ============================================================
2026-05-02 07:25:07,111 INFO ────────────────────────────────────────────────────────────
2026-05-02 07:25:07,111 INFO Loading Matrixify (Shopify raw) data...
2026-05-02 07:25:24,445 INFO ✓ matrixify — 0 rows in 17.33s
2026-05-02 07:25:24,446 INFO ────────────────────────────────────────────────────────────
2026-05-02 07:25:24,447 INFO Loading Shopify Analytics data...
2026-05-02 07:25:24,560 INFO ✓ shopify_analytics — 0 rows in 0.11s
2026-05-02 07:25:24,561 INFO ────────────────────────────────────────────────────────────
2026-05-02 07:25:24,562 INFO Loading Klaviyo email/SMS data...
2026-05-02 07:25:24,690 INFO ✓ klaviyo — 0 rows in 0.13s
2026-05-02 07:25:24,691 INFO ────────────────────────────────────────────────────────────
2026-05-02 07:25:24,692 INFO Loading WebEngage CDP data...
2026-05-02 07:25:24,771 INFO ✓ webengage — 0 rows in 0.08s
2026-05-02 07:25:24,772 INFO ============================================================
2026-05-02 07:25:24,772 INFO SUMMARY
2026-05-02 07:25:24,773 INFO ============================================================
2026-05-02 07:25:24,773 INFO ✓  matrixify                       0 rows  17.33s
2026-05-02 07:25:24,773 INFO ✓  shopify_analytics               0 rows  0.11s
2026-05-02 07:25:24,773 INFO ✓  klaviyo                         0 rows  0.13s
2026-05-02 07:25:24,774 INFO ✓  webengage                       0 rows  0.08s
2026-05-02 07:25:24,774 INFO ────────────────────────────────────────────────────────────
2026-05-02 07:25:24,774 INFO Total: 0 rows in 17.66s
2026-05-02 07:25:24,774 INFO ============================================================
